{"/Users/jonathanmeaney/Development/react/validated-form/src/components/validated-form/i18n.js": {"path":"/Users/jonathanmeaney/Development/react/validated-form/src/components/validated-form/i18n.js","statementMap":{"0":{"start":{"line":7,"column":0},"end":{"line":16,"column":3}}},"fnMap":{},"branchMap":{},"s":{"0":1},"f":{},"b":{},"_coverageSchema":"1a1c01bbd47fc00a2c39e90264f33305004495a9","hash":"c05dfc4a8c87e4ff24ff11b1dd7aca186b80aba6"}
,"/Users/jonathanmeaney/Development/react/validated-form/src/components/validated-form/index.jsx": {"path":"/Users/jonathanmeaney/Development/react/validated-form/src/components/validated-form/index.jsx","statementMap":{},"fnMap":{},"branchMap":{},"s":{},"f":{},"b":{},"_coverageSchema":"1a1c01bbd47fc00a2c39e90264f33305004495a9","hash":"ee273600e2a04fa0cf44fbc39eea812bf1e3febf"}
,"/Users/jonathanmeaney/Development/react/validated-form/src/components/validated-form/useFieldValidation.js": {"path":"/Users/jonathanmeaney/Development/react/validated-form/src/components/validated-form/useFieldValidation.js","statementMap":{"0":{"start":{"line":3,"column":27},"end":{"line":30,"column":1}},"1":{"start":{"line":4,"column":19},"end":{"line":28,"column":3}},"2":{"start":{"line":6,"column":6},"end":{"line":6,"column":43}},"3":{"start":{"line":6,"column":26},"end":{"line":6,"column":43}},"4":{"start":{"line":8,"column":6},"end":{"line":23,"column":7}},"5":{"start":{"line":9,"column":8},"end":{"line":13,"column":9}},"6":{"start":{"line":10,"column":10},"end":{"line":10,"column":44}},"7":{"start":{"line":12,"column":10},"end":{"line":12,"column":29}},"8":{"start":{"line":15,"column":8},"end":{"line":22,"column":9}},"9":{"start":{"line":16,"column":10},"end":{"line":16,"column":38}},"10":{"start":{"line":25,"column":6},"end":{"line":25,"column":23}},"11":{"start":{"line":29,"column":2},"end":{"line":29,"column":18}}},"fnMap":{"0":{"name":"(anonymous_0)","decl":{"start":{"line":3,"column":27},"end":{"line":3,"column":28}},"loc":{"start":{"line":3,"column":46},"end":{"line":30,"column":1}},"line":3},"1":{"name":"(anonymous_1)","decl":{"start":{"line":5,"column":4},"end":{"line":5,"column":5}},"loc":{"start":{"line":5,"column":15},"end":{"line":26,"column":5}},"line":5}},"branchMap":{"0":{"loc":{"start":{"line":6,"column":6},"end":{"line":6,"column":43}},"type":"if","locations":[{"start":{"line":6,"column":6},"end":{"line":6,"column":43}},{"start":{},"end":{}}],"line":6},"1":{"loc":{"start":{"line":8,"column":6},"end":{"line":23,"column":7}},"type":"if","locations":[{"start":{"line":8,"column":6},"end":{"line":23,"column":7}},{"start":{"line":14,"column":13},"end":{"line":23,"column":7}}],"line":8}},"s":{"0":1,"1":2875,"2":1225,"3":370,"4":855,"5":709,"6":709,"7":247,"8":146,"9":146,"10":462,"11":2875},"f":{"0":2875,"1":1225},"b":{"0":[370,855],"1":[709,146]},"_coverageSchema":"1a1c01bbd47fc00a2c39e90264f33305004495a9","hash":"ec471525b8f56bde70c5245d813d6c3e09861de2"}
,"/Users/jonathanmeaney/Development/react/validated-form/src/components/validated-form/utils.js": {"path":"/Users/jonathanmeaney/Development/react/validated-form/src/components/validated-form/utils.js","statementMap":{"0":{"start":{"line":3,"column":29},"end":{"line":25,"column":1}},"1":{"start":{"line":4,"column":27},"end":{"line":4,"column":43}},"2":{"start":{"line":5,"column":26},"end":{"line":5,"column":41}},"3":{"start":{"line":6,"column":19},"end":{"line":6,"column":20}},"4":{"start":{"line":7,"column":22},"end":{"line":7,"column":24}},"5":{"start":{"line":9,"column":2},"end":{"line":19,"column":3}},"6":{"start":{"line":21,"column":2},"end":{"line":24,"column":4}},"7":{"start":{"line":27,"column":23},"end":{"line":45,"column":1}},"8":{"start":{"line":28,"column":15},"end":{"line":28,"column":17}},"9":{"start":{"line":30,"column":27},"end":{"line":41,"column":3}},"10":{"start":{"line":31,"column":4},"end":{"line":40,"column":5}},"11":{"start":{"line":33,"column":26},"end":{"line":33,"column":55}},"12":{"start":{"line":35,"column":6},"end":{"line":39,"column":7}},"13":{"start":{"line":36,"column":8},"end":{"line":36,"column":49}},"14":{"start":{"line":38,"column":8},"end":{"line":38,"column":40}},"15":{"start":{"line":43,"column":2},"end":{"line":43,"column":24}},"16":{"start":{"line":44,"column":2},"end":{"line":44,"column":16}},"17":{"start":{"line":48,"column":30},"end":{"line":65,"column":1}},"18":{"start":{"line":54,"column":16},"end":{"line":54,"column":31}},"19":{"start":{"line":55,"column":16},"end":{"line":55,"column":19}},"20":{"start":{"line":57,"column":2},"end":{"line":62,"column":3}},"21":{"start":{"line":58,"column":4},"end":{"line":60,"column":5}},"22":{"start":{"line":59,"column":6},"end":{"line":59,"column":23}},"23":{"start":{"line":61,"column":4},"end":{"line":61,"column":28}},"24":{"start":{"line":64,"column":2},"end":{"line":64,"column":17}},"25":{"start":{"line":67,"column":33},"end":{"line":96,"column":1}},"26":{"start":{"line":73,"column":16},"end":{"line":73,"column":31}},"27":{"start":{"line":74,"column":17},"end":{"line":74,"column":31}},"28":{"start":{"line":75,"column":16},"end":{"line":75,"column":22}},"29":{"start":{"line":78,"column":2},"end":{"line":87,"column":3}},"30":{"start":{"line":78,"column":15},"end":{"line":78,"column":16}},"31":{"start":{"line":79,"column":15},"end":{"line":79,"column":23}},"32":{"start":{"line":85,"column":4},"end":{"line":85,"column":41}},"33":{"start":{"line":86,"column":4},"end":{"line":86,"column":28}},"34":{"start":{"line":90,"column":19},"end":{"line":90,"column":42}},"35":{"start":{"line":91,"column":2},"end":{"line":93,"column":3}},"36":{"start":{"line":92,"column":4},"end":{"line":92,"column":29}},"37":{"start":{"line":95,"column":2},"end":{"line":95,"column":16}},"38":{"start":{"line":99,"column":22},"end":{"line":117,"column":1}},"39":{"start":{"line":105,"column":16},"end":{"line":105,"column":31}},"40":{"start":{"line":106,"column":16},"end":{"line":106,"column":19}},"41":{"start":{"line":108,"column":2},"end":{"line":114,"column":3}},"42":{"start":{"line":113,"column":4},"end":{"line":113,"column":28}},"43":{"start":{"line":116,"column":2},"end":{"line":116,"column":14}},"44":{"start":{"line":119,"column":24},"end":{"line":124,"column":11}},"45":{"start":{"line":120,"column":2},"end":{"line":124,"column":11}}},"fnMap":{"0":{"name":"(anonymous_0)","decl":{"start":{"line":3,"column":29},"end":{"line":3,"column":30}},"loc":{"start":{"line":3,"column":50},"end":{"line":25,"column":1}},"line":3},"1":{"name":"(anonymous_1)","decl":{"start":{"line":27,"column":23},"end":{"line":27,"column":24}},"loc":{"start":{"line":27,"column":32},"end":{"line":45,"column":1}},"line":27},"2":{"name":"(anonymous_2)","decl":{"start":{"line":30,"column":27},"end":{"line":30,"column":28}},"loc":{"start":{"line":30,"column":48},"end":{"line":41,"column":3}},"line":30},"3":{"name":"(anonymous_3)","decl":{"start":{"line":48,"column":30},"end":{"line":48,"column":31}},"loc":{"start":{"line":48,"column":45},"end":{"line":65,"column":1}},"line":48},"4":{"name":"(anonymous_4)","decl":{"start":{"line":67,"column":33},"end":{"line":67,"column":34}},"loc":{"start":{"line":67,"column":48},"end":{"line":96,"column":1}},"line":67},"5":{"name":"(anonymous_5)","decl":{"start":{"line":99,"column":22},"end":{"line":99,"column":23}},"loc":{"start":{"line":99,"column":37},"end":{"line":117,"column":1}},"line":99},"6":{"name":"(anonymous_6)","decl":{"start":{"line":119,"column":24},"end":{"line":119,"column":25}},"loc":{"start":{"line":120,"column":2},"end":{"line":124,"column":11}},"line":120}},"branchMap":{"0":{"loc":{"start":{"line":30,"column":34},"end":{"line":30,"column":43}},"type":"default-arg","locations":[{"start":{"line":30,"column":41},"end":{"line":30,"column":43}}],"line":30},"1":{"loc":{"start":{"line":33,"column":26},"end":{"line":33,"column":55}},"type":"cond-expr","locations":[{"start":{"line":33,"column":33},"end":{"line":33,"column":49}},{"start":{"line":33,"column":52},"end":{"line":33,"column":55}}],"line":33},"2":{"loc":{"start":{"line":35,"column":6},"end":{"line":39,"column":7}},"type":"if","locations":[{"start":{"line":35,"column":6},"end":{"line":39,"column":7}},{"start":{"line":37,"column":13},"end":{"line":39,"column":7}}],"line":35},"3":{"loc":{"start":{"line":58,"column":4},"end":{"line":60,"column":5}},"type":"if","locations":[{"start":{"line":58,"column":4},"end":{"line":60,"column":5}},{"start":{},"end":{}}],"line":58},"4":{"loc":{"start":{"line":91,"column":2},"end":{"line":93,"column":3}},"type":"if","locations":[{"start":{"line":91,"column":2},"end":{"line":93,"column":3}},{"start":{},"end":{}}],"line":91},"5":{"loc":{"start":{"line":120,"column":2},"end":{"line":124,"column":11}},"type":"cond-expr","locations":[{"start":{"line":121,"column":6},"end":{"line":121,"column":13}},{"start":{"line":122,"column":6},"end":{"line":124,"column":11}}],"line":120},"6":{"loc":{"start":{"line":122,"column":6},"end":{"line":124,"column":11}},"type":"cond-expr","locations":[{"start":{"line":123,"column":6},"end":{"line":123,"column":26}},{"start":{"line":124,"column":6},"end":{"line":124,"column":11}}],"line":122}},"s":{"0":1,"1":1309,"2":1309,"3":1309,"4":1309,"5":1309,"6":1309,"7":1,"8":2618,"9":2618,"10":2680,"11":1946,"12":1946,"13":62,"14":1884,"15":2618,"16":2618,"17":1,"18":8625,"19":8625,"20":8625,"21":8825,"22":3887,"23":4938,"24":4738,"25":1,"26":85,"27":85,"28":85,"29":85,"30":85,"31":3,"32":3,"33":3,"34":85,"35":85,"36":85,"37":85,"38":1,"39":85,"40":85,"41":85,"42":83,"43":80,"44":1,"45":407},"f":{"0":1309,"1":2618,"2":2680,"3":8625,"4":85,"5":85,"6":407},"b":{"0":[2618],"1":[62,1884],"2":[62,1884],"3":[3887,4938],"4":[85,0],"5":[0,407],"6":[0,407]},"_coverageSchema":"1a1c01bbd47fc00a2c39e90264f33305004495a9","hash":"4ffc0cca43e186773c42b4d5652ff48185037a8c"}
,"/Users/jonathanmeaney/Development/react/validated-form/src/components/validated-form/validated-form-context.jsx": {"path":"/Users/jonathanmeaney/Development/react/validated-form/src/components/validated-form/validated-form-context.jsx","statementMap":{"0":{"start":{"line":10,"column":21},"end":{"line":18,"column":1}},"1":{"start":{"line":20,"column":23},"end":{"line":23,"column":1}},"2":{"start":{"line":25,"column":29},"end":{"line":56,"column":1}},"3":{"start":{"line":26,"column":2},"end":{"line":55,"column":3}},"4":{"start":{"line":28,"column":30},"end":{"line":28,"column":44}},"5":{"start":{"line":29,"column":24},"end":{"line":32,"column":7}},"6":{"start":{"line":34,"column":6},"end":{"line":37,"column":8}},"7":{"start":{"line":40,"column":23},"end":{"line":40,"column":37}},"8":{"start":{"line":41,"column":24},"end":{"line":43,"column":7}},"9":{"start":{"line":45,"column":6},"end":{"line":45,"column":29}},"10":{"start":{"line":47,"column":6},"end":{"line":50,"column":8}},"11":{"start":{"line":58,"column":29},"end":{"line":62,"column":2}},"12":{"start":{"line":65,"column":25},"end":{"line":65,"column":63}},"13":{"start":{"line":65,"column":31},"end":{"line":65,"column":63}},"14":{"start":{"line":67,"column":24},"end":{"line":117,"column":1}},"15":{"start":{"line":76,"column":28},"end":{"line":84,"column":4}},"16":{"start":{"line":87,"column":27},"end":{"line":92,"column":8}},"17":{"start":{"line":88,"column":4},"end":{"line":91,"column":7}},"18":{"start":{"line":95,"column":29},"end":{"line":100,"column":8}},"19":{"start":{"line":96,"column":4},"end":{"line":99,"column":7}},"20":{"start":{"line":104,"column":16},"end":{"line":110,"column":31}},"21":{"start":{"line":105,"column":4},"end":{"line":109,"column":6}},"22":{"start":{"line":112,"column":2},"end":{"line":116,"column":4}},"23":{"start":{"line":119,"column":0},"end":{"line":131,"column":2}},"24":{"start":{"line":133,"column":0},"end":{"line":141,"column":2}},"25":{"start":{"line":143,"column":37},"end":{"line":143,"column":52}},"26":{"start":{"line":145,"column":0},"end":{"line":145,"column":58}}},"fnMap":{"0":{"name":"(anonymous_0)","decl":{"start":{"line":25,"column":29},"end":{"line":25,"column":30}},"loc":{"start":{"line":25,"column":48},"end":{"line":56,"column":1}},"line":25},"1":{"name":"(anonymous_1)","decl":{"start":{"line":60,"column":20},"end":{"line":60,"column":21}},"loc":{"start":{"line":60,"column":26},"end":{"line":60,"column":28}},"line":60},"2":{"name":"(anonymous_2)","decl":{"start":{"line":61,"column":22},"end":{"line":61,"column":23}},"loc":{"start":{"line":61,"column":28},"end":{"line":61,"column":30}},"line":61},"3":{"name":"(anonymous_3)","decl":{"start":{"line":65,"column":25},"end":{"line":65,"column":26}},"loc":{"start":{"line":65,"column":31},"end":{"line":65,"column":63}},"line":65},"4":{"name":"(anonymous_4)","decl":{"start":{"line":67,"column":24},"end":{"line":67,"column":25}},"loc":{"start":{"line":75,"column":6},"end":{"line":117,"column":1}},"line":75},"5":{"name":"(anonymous_5)","decl":{"start":{"line":87,"column":39},"end":{"line":87,"column":40}},"loc":{"start":{"line":87,"column":59},"end":{"line":92,"column":3}},"line":87},"6":{"name":"(anonymous_6)","decl":{"start":{"line":95,"column":41},"end":{"line":95,"column":42}},"loc":{"start":{"line":95,"column":51},"end":{"line":100,"column":3}},"line":95},"7":{"name":"(anonymous_7)","decl":{"start":{"line":104,"column":24},"end":{"line":104,"column":25}},"loc":{"start":{"line":104,"column":30},"end":{"line":110,"column":3}},"line":104}},"branchMap":{"0":{"loc":{"start":{"line":26,"column":2},"end":{"line":55,"column":3}},"type":"switch","locations":[{"start":{"line":27,"column":4},"end":{"line":38,"column":5}},{"start":{"line":39,"column":4},"end":{"line":51,"column":5}}],"line":26}},"s":{"0":1,"1":1,"2":1,"3":125,"4":85,"5":85,"6":85,"7":40,"8":40,"9":40,"10":40,"11":1,"12":1,"13":5758,"14":1,"15":92,"16":92,"17":85,"18":92,"19":85,"20":92,"21":87,"22":92,"23":1,"24":1,"25":1,"26":1},"f":{"0":125,"1":0,"2":0,"3":5758,"4":92,"5":85,"6":85,"7":87},"b":{"0":[85,40]},"_coverageSchema":"1a1c01bbd47fc00a2c39e90264f33305004495a9","hash":"e9de61c6e1a7de10bea7bf0aeef64eab768fbc47"}
,"/Users/jonathanmeaney/Development/react/validated-form/src/components/validated-form/validated-form.jsx": {"path":"/Users/jonathanmeaney/Development/react/validated-form/src/components/validated-form/validated-form.jsx","statementMap":{"0":{"start":{"line":12,"column":22},"end":{"line":85,"column":1}},"1":{"start":{"line":27,"column":30},"end":{"line":27,"column":73}},"2":{"start":{"line":28,"column":28},"end":{"line":28,"column":69}},"3":{"start":{"line":29,"column":29},"end":{"line":29,"column":71}},"4":{"start":{"line":31,"column":2},"end":{"line":84,"column":4}},"5":{"start":{"line":46,"column":26},"end":{"line":46,"column":46}},"6":{"start":{"line":59,"column":43},"end":{"line":59,"column":73}},"7":{"start":{"line":62,"column":48},"end":{"line":62,"column":78}},"8":{"start":{"line":63,"column":10},"end":{"line":80,"column":12}},"9":{"start":{"line":87,"column":0},"end":{"line":100,"column":2}},"10":{"start":{"line":102,"column":0},"end":{"line":102,"column":44}}},"fnMap":{"0":{"name":"(anonymous_0)","decl":{"start":{"line":12,"column":22},"end":{"line":12,"column":23}},"loc":{"start":{"line":26,"column":6},"end":{"line":85,"column":1}},"line":26},"1":{"name":"(anonymous_1)","decl":{"start":{"line":44,"column":18},"end":{"line":44,"column":19}},"loc":{"start":{"line":44,"column":54},"end":{"line":49,"column":9}},"line":44},"2":{"name":"(anonymous_2)","decl":{"start":{"line":56,"column":9},"end":{"line":56,"column":10}},"loc":{"start":{"line":56,"column":69},"end":{"line":81,"column":9}},"line":56}},"branchMap":{"0":{"loc":{"start":{"line":13,"column":2},"end":{"line":13,"column":28}},"type":"default-arg","locations":[{"start":{"line":13,"column":23},"end":{"line":13,"column":28}}],"line":13},"1":{"loc":{"start":{"line":16,"column":2},"end":{"line":16,"column":25}},"type":"default-arg","locations":[{"start":{"line":16,"column":21},"end":{"line":16,"column":25}}],"line":16},"2":{"loc":{"start":{"line":17,"column":2},"end":{"line":17,"column":23}},"type":"default-arg","locations":[{"start":{"line":17,"column":19},"end":{"line":17,"column":23}}],"line":17},"3":{"loc":{"start":{"line":18,"column":2},"end":{"line":18,"column":25}},"type":"default-arg","locations":[{"start":{"line":18,"column":20},"end":{"line":18,"column":25}}],"line":18},"4":{"loc":{"start":{"line":19,"column":2},"end":{"line":19,"column":26}},"type":"default-arg","locations":[{"start":{"line":19,"column":21},"end":{"line":19,"column":26}}],"line":19},"5":{"loc":{"start":{"line":23,"column":2},"end":{"line":23,"column":21}},"type":"default-arg","locations":[{"start":{"line":23,"column":16},"end":{"line":23,"column":21}}],"line":23},"6":{"loc":{"start":{"line":27,"column":30},"end":{"line":27,"column":73}},"type":"cond-expr","locations":[{"start":{"line":27,"column":49},"end":{"line":27,"column":54}},{"start":{"line":27,"column":57},"end":{"line":27,"column":73}}],"line":27},"7":{"loc":{"start":{"line":28,"column":28},"end":{"line":28,"column":69}},"type":"cond-expr","locations":[{"start":{"line":28,"column":47},"end":{"line":28,"column":52}},{"start":{"line":28,"column":55},"end":{"line":28,"column":69}}],"line":28},"8":{"loc":{"start":{"line":29,"column":29},"end":{"line":29,"column":71}},"type":"cond-expr","locations":[{"start":{"line":29,"column":48},"end":{"line":29,"column":53}},{"start":{"line":29,"column":56},"end":{"line":29,"column":71}}],"line":29},"9":{"loc":{"start":{"line":59,"column":43},"end":{"line":59,"column":73}},"type":"binary-expr","locations":[{"start":{"line":59,"column":43},"end":{"line":59,"column":58}},{"start":{"line":59,"column":62},"end":{"line":59,"column":73}}],"line":59},"10":{"loc":{"start":{"line":65,"column":15},"end":{"line":71,"column":15}},"type":"binary-expr","locations":[{"start":{"line":65,"column":15},"end":{"line":65,"column":39}},{"start":{"line":66,"column":16},"end":{"line":70,"column":18}}],"line":65}},"s":{"0":1,"1":46,"2":46,"3":46,"4":46,"5":11,"6":1309,"7":1309,"8":1309,"9":1,"10":1},"f":{"0":46,"1":11,"2":1309},"b":{"0":[46],"1":[46],"2":[18],"3":[46],"4":[29],"5":[41],"6":[17,29],"7":[17,29],"8":[17,29],"9":[1309,158],"10":[1309,16]},"_coverageSchema":"1a1c01bbd47fc00a2c39e90264f33305004495a9","hash":"0c91c5454e8a7932a747df2868035bde67faf834"}
,"/Users/jonathanmeaney/Development/react/validated-form/src/components/validated-form/validated-inputs.jsx": {"path":"/Users/jonathanmeaney/Development/react/validated-form/src/components/validated-form/validated-inputs.jsx","statementMap":{"0":{"start":{"line":26,"column":30},"end":{"line":80,"column":1}},"1":{"start":{"line":33,"column":6},"end":{"line":33,"column":24}},"2":{"start":{"line":35,"column":4},"end":{"line":35,"column":22}},"3":{"start":{"line":39,"column":4},"end":{"line":40,"column":73}},"4":{"start":{"line":42,"column":4},"end":{"line":43,"column":73}},"5":{"start":{"line":45,"column":22},"end":{"line":74,"column":3}},"6":{"start":{"line":46,"column":32},"end":{"line":72,"column":5}},"7":{"start":{"line":47,"column":6},"end":{"line":47,"column":50}},"8":{"start":{"line":49,"column":6},"end":{"line":51,"column":7}},"9":{"start":{"line":50,"column":8},"end":{"line":50,"column":47}},"10":{"start":{"line":53,"column":6},"end":{"line":62,"column":7}},"11":{"start":{"line":57,"column":8},"end":{"line":61,"column":9}},"12":{"start":{"line":58,"column":10},"end":{"line":58,"column":31}},"13":{"start":{"line":60,"column":10},"end":{"line":60,"column":41}},"14":{"start":{"line":66,"column":6},"end":{"line":71,"column":9}},"15":{"start":{"line":76,"column":2},"end":{"line":79,"column":4}},"16":{"start":{"line":82,"column":28},"end":{"line":169,"column":1}},"17":{"start":{"line":85,"column":27},"end":{"line":95,"column":3}},"18":{"start":{"line":86,"column":4},"end":{"line":92,"column":5}},"19":{"start":{"line":87,"column":6},"end":{"line":91,"column":8}},"20":{"start":{"line":94,"column":4},"end":{"line":94,"column":51}},"21":{"start":{"line":97,"column":29},"end":{"line":160,"column":3}},"22":{"start":{"line":98,"column":23},"end":{"line":98,"column":40}},"23":{"start":{"line":99,"column":21},"end":{"line":99,"column":33}},"24":{"start":{"line":101,"column":53},"end":{"line":101,"column":71}},"25":{"start":{"line":104,"column":29},"end":{"line":104,"column":57}},"26":{"start":{"line":112,"column":8},"end":{"line":112,"column":26}},"27":{"start":{"line":113,"column":32},"end":{"line":113,"column":42}},"28":{"start":{"line":114,"column":25},"end":{"line":114,"column":59}},"29":{"start":{"line":115,"column":23},"end":{"line":115,"column":56}},"30":{"start":{"line":116,"column":23},"end":{"line":116,"column":62}},"31":{"start":{"line":117,"column":18},"end":{"line":117,"column":73}},"32":{"start":{"line":121,"column":4},"end":{"line":133,"column":19}},"33":{"start":{"line":122,"column":6},"end":{"line":125,"column":7}},"34":{"start":{"line":123,"column":8},"end":{"line":123,"column":46}},"35":{"start":{"line":124,"column":8},"end":{"line":124,"column":77}},"36":{"start":{"line":124,"column":40},"end":{"line":124,"column":77}},"37":{"start":{"line":128,"column":6},"end":{"line":132,"column":8}},"38":{"start":{"line":129,"column":8},"end":{"line":129,"column":38}},"39":{"start":{"line":130,"column":8},"end":{"line":130,"column":64}},"40":{"start":{"line":130,"column":28},"end":{"line":130,"column":62}},"41":{"start":{"line":131,"column":8},"end":{"line":131,"column":42}},"42":{"start":{"line":136,"column":33},"end":{"line":140,"column":5}},"43":{"start":{"line":143,"column":26},"end":{"line":145,"column":10}},"44":{"start":{"line":147,"column":4},"end":{"line":159,"column":6}},"45":{"start":{"line":162,"column":2},"end":{"line":166,"column":4}},"46":{"start":{"line":168,"column":2},"end":{"line":168,"column":43}},"47":{"start":{"line":171,"column":32},"end":{"line":171,"column":60}},"48":{"start":{"line":172,"column":33},"end":{"line":172,"column":62}},"49":{"start":{"line":173,"column":33},"end":{"line":173,"column":62}},"50":{"start":{"line":176,"column":31},"end":{"line":176,"column":58}},"51":{"start":{"line":177,"column":32},"end":{"line":177,"column":60}},"52":{"start":{"line":178,"column":31},"end":{"line":178,"column":58}},"53":{"start":{"line":179,"column":31},"end":{"line":179,"column":58}},"54":{"start":{"line":181,"column":34},"end":{"line":181,"column":64}},"55":{"start":{"line":182,"column":36},"end":{"line":182,"column":68}},"56":{"start":{"line":184,"column":41},"end":{"line":184,"column":78}}},"fnMap":{"0":{"name":"(anonymous_0)","decl":{"start":{"line":26,"column":30},"end":{"line":26,"column":31}},"loc":{"start":{"line":26,"column":69},"end":{"line":80,"column":1}},"line":26},"1":{"name":"(anonymous_1)","decl":{"start":{"line":46,"column":4},"end":{"line":46,"column":5}},"loc":{"start":{"line":46,"column":32},"end":{"line":72,"column":5}},"line":46},"2":{"name":"(anonymous_2)","decl":{"start":{"line":46,"column":32},"end":{"line":46,"column":33}},"loc":{"start":{"line":46,"column":45},"end":{"line":72,"column":5}},"line":46},"3":{"name":"(anonymous_3)","decl":{"start":{"line":82,"column":28},"end":{"line":82,"column":29}},"loc":{"start":{"line":82,"column":43},"end":{"line":169,"column":1}},"line":82},"4":{"name":"(anonymous_4)","decl":{"start":{"line":85,"column":27},"end":{"line":85,"column":28}},"loc":{"start":{"line":85,"column":55},"end":{"line":95,"column":3}},"line":85},"5":{"name":"(anonymous_5)","decl":{"start":{"line":97,"column":29},"end":{"line":97,"column":30}},"loc":{"start":{"line":97,"column":62},"end":{"line":160,"column":3}},"line":97},"6":{"name":"(anonymous_6)","decl":{"start":{"line":121,"column":14},"end":{"line":121,"column":15}},"loc":{"start":{"line":121,"column":20},"end":{"line":133,"column":5}},"line":121},"7":{"name":"(anonymous_7)","decl":{"start":{"line":128,"column":13},"end":{"line":128,"column":14}},"loc":{"start":{"line":128,"column":19},"end":{"line":132,"column":7}},"line":128},"8":{"name":"(anonymous_8)","decl":{"start":{"line":130,"column":18},"end":{"line":130,"column":19}},"loc":{"start":{"line":130,"column":28},"end":{"line":130,"column":62}},"line":130}},"branchMap":{"0":{"loc":{"start":{"line":39,"column":4},"end":{"line":40,"column":73}},"type":"binary-expr","locations":[{"start":{"line":39,"column":4},"end":{"line":39,"column":18}},{"start":{"line":40,"column":5},"end":{"line":40,"column":22}},{"start":{"line":40,"column":27},"end":{"line":40,"column":43}},{"start":{"line":40,"column":47},"end":{"line":40,"column":71}}],"line":39},"1":{"loc":{"start":{"line":42,"column":4},"end":{"line":43,"column":73}},"type":"binary-expr","locations":[{"start":{"line":42,"column":4},"end":{"line":42,"column":20}},{"start":{"line":43,"column":5},"end":{"line":43,"column":22}},{"start":{"line":43,"column":27},"end":{"line":43,"column":43}},{"start":{"line":43,"column":47},"end":{"line":43,"column":71}}],"line":42},"2":{"loc":{"start":{"line":49,"column":6},"end":{"line":51,"column":7}},"type":"if","locations":[{"start":{"line":49,"column":6},"end":{"line":51,"column":7}},{"start":{},"end":{}}],"line":49},"3":{"loc":{"start":{"line":53,"column":6},"end":{"line":62,"column":7}},"type":"if","locations":[{"start":{"line":53,"column":6},"end":{"line":62,"column":7}},{"start":{},"end":{}}],"line":53},"4":{"loc":{"start":{"line":57,"column":8},"end":{"line":61,"column":9}},"type":"if","locations":[{"start":{"line":57,"column":8},"end":{"line":61,"column":9}},{"start":{"line":59,"column":15},"end":{"line":61,"column":9}}],"line":57},"5":{"loc":{"start":{"line":57,"column":12},"end":{"line":57,"column":46}},"type":"binary-expr","locations":[{"start":{"line":57,"column":12},"end":{"line":57,"column":31}},{"start":{"line":57,"column":35},"end":{"line":57,"column":46}}],"line":57},"6":{"loc":{"start":{"line":86,"column":4},"end":{"line":92,"column":5}},"type":"if","locations":[{"start":{"line":86,"column":4},"end":{"line":92,"column":5}},{"start":{},"end":{}}],"line":86},"7":{"loc":{"start":{"line":116,"column":23},"end":{"line":116,"column":62}},"type":"binary-expr","locations":[{"start":{"line":116,"column":23},"end":{"line":116,"column":56}},{"start":{"line":116,"column":60},"end":{"line":116,"column":62}}],"line":116},"8":{"loc":{"start":{"line":117,"column":18},"end":{"line":117,"column":73}},"type":"cond-expr","locations":[{"start":{"line":117,"column":47},"end":{"line":117,"column":68}},{"start":{"line":117,"column":71},"end":{"line":117,"column":73}}],"line":117},"9":{"loc":{"start":{"line":117,"column":18},"end":{"line":117,"column":44}},"type":"binary-expr","locations":[{"start":{"line":117,"column":18},"end":{"line":117,"column":30}},{"start":{"line":117,"column":34},"end":{"line":117,"column":44}}],"line":117},"10":{"loc":{"start":{"line":122,"column":6},"end":{"line":125,"column":7}},"type":"if","locations":[{"start":{"line":122,"column":6},"end":{"line":125,"column":7}},{"start":{},"end":{}}],"line":122},"11":{"loc":{"start":{"line":124,"column":8},"end":{"line":124,"column":77}},"type":"if","locations":[{"start":{"line":124,"column":8},"end":{"line":124,"column":77}},{"start":{},"end":{}}],"line":124},"12":{"loc":{"start":{"line":143,"column":26},"end":{"line":145,"column":10}},"type":"cond-expr","locations":[{"start":{"line":144,"column":8},"end":{"line":144,"column":72}},{"start":{"line":145,"column":8},"end":{"line":145,"column":10}}],"line":143}},"s":{"0":1,"1":2875,"2":2875,"3":2875,"4":2875,"5":2875,"6":5750,"7":407,"8":407,"9":48,"10":407,"11":261,"12":72,"13":189,"14":407,"15":2875,"16":1,"17":10,"18":2875,"19":6,"20":2869,"21":10,"22":2875,"23":2875,"24":2875,"25":2875,"26":2875,"27":2875,"28":2875,"29":2875,"30":2875,"31":2875,"32":2875,"33":85,"34":85,"35":85,"36":5,"37":85,"38":85,"39":85,"40":85,"41":85,"42":2875,"43":2875,"44":2875,"45":10,"46":10,"47":1,"48":1,"49":1,"50":1,"51":1,"52":1,"53":1,"54":1,"55":1,"56":1},"f":{"0":2875,"1":5750,"2":407,"3":10,"4":2875,"5":2875,"6":85,"7":85,"8":85},"b":{"0":[2875,2875,494,494],"1":[2875,2875,494,494],"2":[48,359],"3":[261,146],"4":[72,189],"5":[261,225],"6":[6,2869],"7":[2875,987],"8":[200,2675],"9":[2875,1231],"10":[85,0],"11":[5,80],"12":[0,2875]},"_coverageSchema":"1a1c01bbd47fc00a2c39e90264f33305004495a9","hash":"2811137bf1d52f6d7248bae405c172ea08e22ce9"}
,"/Users/jonathanmeaney/Development/react/validated-form/src/components/validated-form/validation-summary.jsx": {"path":"/Users/jonathanmeaney/Development/react/validated-form/src/components/validated-form/validation-summary.jsx","statementMap":{"0":{"start":{"line":15,"column":18},"end":{"line":15,"column":53}},"1":{"start":{"line":17,"column":16},"end":{"line":23,"column":1}},"2":{"start":{"line":25,"column":26},"end":{"line":56,"column":1}},"3":{"start":{"line":26,"column":24},"end":{"line":26,"column":42}},"4":{"start":{"line":28,"column":15},"end":{"line":46,"column":4}},"5":{"start":{"line":29,"column":18},"end":{"line":37,"column":5}},"6":{"start":{"line":30,"column":18},"end":{"line":30,"column":41}},"7":{"start":{"line":39,"column":4},"end":{"line":45,"column":6}},"8":{"start":{"line":48,"column":2},"end":{"line":55,"column":4}},"9":{"start":{"line":58,"column":26},"end":{"line":81,"column":1}},"10":{"start":{"line":59,"column":2},"end":{"line":61,"column":3}},"11":{"start":{"line":60,"column":4},"end":{"line":60,"column":17}},"12":{"start":{"line":63,"column":4},"end":{"line":63,"column":71}},"13":{"start":{"line":65,"column":4},"end":{"line":77,"column":14}},"14":{"start":{"line":80,"column":2},"end":{"line":80,"column":63}},"15":{"start":{"line":83,"column":0},"end":{"line":87,"column":2}},"16":{"start":{"line":89,"column":0},"end":{"line":89,"column":52}}},"fnMap":{"0":{"name":"(anonymous_0)","decl":{"start":{"line":25,"column":26},"end":{"line":25,"column":27}},"loc":{"start":{"line":25,"column":49},"end":{"line":56,"column":1}},"line":25},"1":{"name":"(anonymous_1)","decl":{"start":{"line":28,"column":49},"end":{"line":28,"column":50}},"loc":{"start":{"line":28,"column":67},"end":{"line":46,"column":3}},"line":28},"2":{"name":"(anonymous_2)","decl":{"start":{"line":29,"column":18},"end":{"line":29,"column":19}},"loc":{"start":{"line":29,"column":24},"end":{"line":37,"column":5}},"line":29},"3":{"name":"(anonymous_3)","decl":{"start":{"line":58,"column":26},"end":{"line":58,"column":27}},"loc":{"start":{"line":58,"column":75},"end":{"line":81,"column":1}},"line":58}},"branchMap":{"0":{"loc":{"start":{"line":59,"column":2},"end":{"line":61,"column":3}},"type":"if","locations":[{"start":{"line":59,"column":2},"end":{"line":61,"column":3}},{"start":{},"end":{}}],"line":59},"1":{"loc":{"start":{"line":63,"column":4},"end":{"line":63,"column":71}},"type":"binary-expr","locations":[{"start":{"line":63,"column":4},"end":{"line":63,"column":16}},{"start":{"line":63,"column":20},"end":{"line":63,"column":71}}],"line":63}},"s":{"0":1,"1":1,"2":1,"3":8,"4":8,"5":14,"6":2,"7":14,"8":8,"9":1,"10":16,"11":8,"12":8,"13":8,"14":8,"15":1,"16":1},"f":{"0":8,"1":14,"2":2,"3":16},"b":{"0":[8,8],"1":[8,8]},"_coverageSchema":"1a1c01bbd47fc00a2c39e90264f33305004495a9","hash":"fb074153f561fb8dc7ee948717c0d83486ca1640"}
}
