{"/Users/jonathanmeaney/Development/react/validated-form/src/components/validated-form/i18n.js": {"path":"/Users/jonathanmeaney/Development/react/validated-form/src/components/validated-form/i18n.js","statementMap":{"0":{"start":{"line":4,"column":0},"end":{"line":4,"column":44}},"1":{"start":{"line":6,"column":0},"end":{"line":12,"column":3}}},"fnMap":{},"branchMap":{"0":{"loc":{"start":{"line":4,"column":20},"end":{"line":4,"column":43}},"type":"binary-expr","locations":[{"start":{"line":4,"column":20},"end":{"line":4,"column":37}},{"start":{"line":4,"column":41},"end":{"line":4,"column":43}}],"line":4}},"s":{"0":1,"1":1},"f":{},"b":{"0":[1,0]},"_coverageSchema":"1a1c01bbd47fc00a2c39e90264f33305004495a9","hash":"2ad645ea69fbb7cda9ec16c16d0afe2dfd342677"}
,"/Users/jonathanmeaney/Development/react/validated-form/src/components/validated-form/index.jsx": {"path":"/Users/jonathanmeaney/Development/react/validated-form/src/components/validated-form/index.jsx","statementMap":{},"fnMap":{},"branchMap":{},"s":{},"f":{},"b":{},"_coverageSchema":"1a1c01bbd47fc00a2c39e90264f33305004495a9","hash":"ee273600e2a04fa0cf44fbc39eea812bf1e3febf"}
,"/Users/jonathanmeaney/Development/react/validated-form/src/components/validated-form/useFieldValidation.js": {"path":"/Users/jonathanmeaney/Development/react/validated-form/src/components/validated-form/useFieldValidation.js","statementMap":{"0":{"start":{"line":3,"column":27},"end":{"line":30,"column":1}},"1":{"start":{"line":4,"column":19},"end":{"line":28,"column":3}},"2":{"start":{"line":6,"column":6},"end":{"line":6,"column":43}},"3":{"start":{"line":6,"column":26},"end":{"line":6,"column":43}},"4":{"start":{"line":8,"column":6},"end":{"line":23,"column":7}},"5":{"start":{"line":9,"column":8},"end":{"line":13,"column":9}},"6":{"start":{"line":10,"column":10},"end":{"line":10,"column":44}},"7":{"start":{"line":12,"column":10},"end":{"line":12,"column":29}},"8":{"start":{"line":15,"column":8},"end":{"line":22,"column":9}},"9":{"start":{"line":16,"column":10},"end":{"line":16,"column":38}},"10":{"start":{"line":25,"column":6},"end":{"line":25,"column":23}},"11":{"start":{"line":29,"column":2},"end":{"line":29,"column":18}}},"fnMap":{"0":{"name":"(anonymous_0)","decl":{"start":{"line":3,"column":27},"end":{"line":3,"column":28}},"loc":{"start":{"line":3,"column":46},"end":{"line":30,"column":1}},"line":3},"1":{"name":"(anonymous_1)","decl":{"start":{"line":5,"column":4},"end":{"line":5,"column":5}},"loc":{"start":{"line":5,"column":15},"end":{"line":26,"column":5}},"line":5}},"branchMap":{"0":{"loc":{"start":{"line":6,"column":6},"end":{"line":6,"column":43}},"type":"if","locations":[{"start":{"line":6,"column":6},"end":{"line":6,"column":43}},{"start":{},"end":{}}],"line":6},"1":{"loc":{"start":{"line":8,"column":6},"end":{"line":23,"column":7}},"type":"if","locations":[{"start":{"line":8,"column":6},"end":{"line":23,"column":7}},{"start":{"line":14,"column":13},"end":{"line":23,"column":7}}],"line":8}},"s":{"0":1,"1":1400,"2":256,"3":66,"4":190,"5":157,"6":157,"7":96,"8":33,"9":33,"10":61,"11":1400},"f":{"0":1400,"1":256},"b":{"0":[66,190],"1":[157,33]},"_coverageSchema":"1a1c01bbd47fc00a2c39e90264f33305004495a9","hash":"ec471525b8f56bde70c5245d813d6c3e09861de2"}
,"/Users/jonathanmeaney/Development/react/validated-form/src/components/validated-form/utils.js": {"path":"/Users/jonathanmeaney/Development/react/validated-form/src/components/validated-form/utils.js","statementMap":{"0":{"start":{"line":1,"column":29},"end":{"line":23,"column":1}},"1":{"start":{"line":2,"column":27},"end":{"line":2,"column":43}},"2":{"start":{"line":3,"column":26},"end":{"line":3,"column":41}},"3":{"start":{"line":4,"column":19},"end":{"line":4,"column":20}},"4":{"start":{"line":5,"column":22},"end":{"line":5,"column":24}},"5":{"start":{"line":7,"column":2},"end":{"line":17,"column":3}},"6":{"start":{"line":19,"column":2},"end":{"line":22,"column":4}},"7":{"start":{"line":25,"column":23},"end":{"line":43,"column":1}},"8":{"start":{"line":26,"column":15},"end":{"line":26,"column":17}},"9":{"start":{"line":28,"column":27},"end":{"line":39,"column":3}},"10":{"start":{"line":29,"column":4},"end":{"line":38,"column":5}},"11":{"start":{"line":31,"column":26},"end":{"line":31,"column":55}},"12":{"start":{"line":33,"column":6},"end":{"line":37,"column":7}},"13":{"start":{"line":34,"column":8},"end":{"line":34,"column":49}},"14":{"start":{"line":36,"column":8},"end":{"line":36,"column":40}},"15":{"start":{"line":41,"column":2},"end":{"line":41,"column":24}},"16":{"start":{"line":42,"column":2},"end":{"line":42,"column":16}}},"fnMap":{"0":{"name":"(anonymous_0)","decl":{"start":{"line":1,"column":29},"end":{"line":1,"column":30}},"loc":{"start":{"line":1,"column":50},"end":{"line":23,"column":1}},"line":1},"1":{"name":"(anonymous_1)","decl":{"start":{"line":25,"column":23},"end":{"line":25,"column":24}},"loc":{"start":{"line":25,"column":32},"end":{"line":43,"column":1}},"line":25},"2":{"name":"(anonymous_2)","decl":{"start":{"line":28,"column":27},"end":{"line":28,"column":28}},"loc":{"start":{"line":28,"column":48},"end":{"line":39,"column":3}},"line":28}},"branchMap":{"0":{"loc":{"start":{"line":28,"column":34},"end":{"line":28,"column":43}},"type":"default-arg","locations":[{"start":{"line":28,"column":41},"end":{"line":28,"column":43}}],"line":28},"1":{"loc":{"start":{"line":31,"column":26},"end":{"line":31,"column":55}},"type":"cond-expr","locations":[{"start":{"line":31,"column":33},"end":{"line":31,"column":49}},{"start":{"line":31,"column":52},"end":{"line":31,"column":55}}],"line":31},"2":{"loc":{"start":{"line":33,"column":6},"end":{"line":37,"column":7}},"type":"if","locations":[{"start":{"line":33,"column":6},"end":{"line":37,"column":7}},{"start":{"line":35,"column":13},"end":{"line":37,"column":7}}],"line":33}},"s":{"0":1,"1":626,"2":626,"3":626,"4":626,"5":626,"6":626,"7":1,"8":1252,"9":1252,"10":1299,"11":1077,"12":1077,"13":47,"14":1030,"15":1252,"16":1252},"f":{"0":626,"1":1252,"2":1299},"b":{"0":[1252],"1":[44,1033],"2":[47,1030]},"_coverageSchema":"1a1c01bbd47fc00a2c39e90264f33305004495a9","hash":"237360fb4838cf372b404451438b55fa8c5e6f64"}
,"/Users/jonathanmeaney/Development/react/validated-form/src/components/validated-form/validated-form-context.jsx": {"path":"/Users/jonathanmeaney/Development/react/validated-form/src/components/validated-form/validated-form-context.jsx","statementMap":{"0":{"start":{"line":10,"column":21},"end":{"line":16,"column":1}},"1":{"start":{"line":18,"column":23},"end":{"line":21,"column":1}},"2":{"start":{"line":23,"column":29},"end":{"line":54,"column":1}},"3":{"start":{"line":24,"column":2},"end":{"line":53,"column":3}},"4":{"start":{"line":26,"column":30},"end":{"line":26,"column":44}},"5":{"start":{"line":27,"column":24},"end":{"line":30,"column":7}},"6":{"start":{"line":32,"column":6},"end":{"line":35,"column":8}},"7":{"start":{"line":38,"column":23},"end":{"line":38,"column":37}},"8":{"start":{"line":39,"column":24},"end":{"line":41,"column":7}},"9":{"start":{"line":43,"column":6},"end":{"line":43,"column":29}},"10":{"start":{"line":45,"column":6},"end":{"line":48,"column":8}},"11":{"start":{"line":56,"column":29},"end":{"line":60,"column":2}},"12":{"start":{"line":63,"column":25},"end":{"line":63,"column":63}},"13":{"start":{"line":63,"column":31},"end":{"line":63,"column":63}},"14":{"start":{"line":65,"column":24},"end":{"line":116,"column":1}},"15":{"start":{"line":73,"column":30},"end":{"line":80,"column":3}},"16":{"start":{"line":82,"column":28},"end":{"line":85,"column":3}},"17":{"start":{"line":87,"column":27},"end":{"line":92,"column":8}},"18":{"start":{"line":88,"column":4},"end":{"line":91,"column":7}},"19":{"start":{"line":94,"column":29},"end":{"line":99,"column":8}},"20":{"start":{"line":95,"column":4},"end":{"line":98,"column":7}},"21":{"start":{"line":103,"column":16},"end":{"line":109,"column":31}},"22":{"start":{"line":104,"column":4},"end":{"line":108,"column":6}},"23":{"start":{"line":111,"column":2},"end":{"line":115,"column":4}},"24":{"start":{"line":118,"column":0},"end":{"line":128,"column":2}},"25":{"start":{"line":130,"column":0},"end":{"line":136,"column":2}},"26":{"start":{"line":138,"column":37},"end":{"line":138,"column":52}},"27":{"start":{"line":140,"column":0},"end":{"line":140,"column":58}}},"fnMap":{"0":{"name":"(anonymous_0)","decl":{"start":{"line":23,"column":29},"end":{"line":23,"column":30}},"loc":{"start":{"line":23,"column":48},"end":{"line":54,"column":1}},"line":23},"1":{"name":"(anonymous_1)","decl":{"start":{"line":58,"column":20},"end":{"line":58,"column":21}},"loc":{"start":{"line":58,"column":26},"end":{"line":58,"column":28}},"line":58},"2":{"name":"(anonymous_2)","decl":{"start":{"line":59,"column":22},"end":{"line":59,"column":23}},"loc":{"start":{"line":59,"column":28},"end":{"line":59,"column":30}},"line":59},"3":{"name":"(anonymous_3)","decl":{"start":{"line":63,"column":25},"end":{"line":63,"column":26}},"loc":{"start":{"line":63,"column":31},"end":{"line":63,"column":63}},"line":63},"4":{"name":"(anonymous_4)","decl":{"start":{"line":65,"column":24},"end":{"line":65,"column":25}},"loc":{"start":{"line":72,"column":6},"end":{"line":116,"column":1}},"line":72},"5":{"name":"(anonymous_5)","decl":{"start":{"line":87,"column":39},"end":{"line":87,"column":40}},"loc":{"start":{"line":87,"column":59},"end":{"line":92,"column":3}},"line":87},"6":{"name":"(anonymous_6)","decl":{"start":{"line":94,"column":41},"end":{"line":94,"column":42}},"loc":{"start":{"line":94,"column":51},"end":{"line":99,"column":3}},"line":94},"7":{"name":"(anonymous_7)","decl":{"start":{"line":103,"column":24},"end":{"line":103,"column":25}},"loc":{"start":{"line":103,"column":30},"end":{"line":109,"column":3}},"line":103}},"branchMap":{"0":{"loc":{"start":{"line":24,"column":2},"end":{"line":53,"column":3}},"type":"switch","locations":[{"start":{"line":25,"column":4},"end":{"line":36,"column":5}},{"start":{"line":37,"column":4},"end":{"line":49,"column":5}}],"line":24}},"s":{"0":1,"1":1,"2":1,"3":125,"4":85,"5":85,"6":85,"7":40,"8":40,"9":40,"10":40,"11":1,"12":1,"13":1408,"14":1,"15":92,"16":92,"17":92,"18":85,"19":92,"20":85,"21":92,"22":87,"23":92,"24":1,"25":1,"26":1,"27":1},"f":{"0":125,"1":0,"2":0,"3":1408,"4":92,"5":85,"6":85,"7":87},"b":{"0":[85,40]},"_coverageSchema":"1a1c01bbd47fc00a2c39e90264f33305004495a9","hash":"c4ec50db6a50ee9728f4869adebed303928d2f8b"}
,"/Users/jonathanmeaney/Development/react/validated-form/src/components/validated-form/validated-form.jsx": {"path":"/Users/jonathanmeaney/Development/react/validated-form/src/components/validated-form/validated-form.jsx","statementMap":{"0":{"start":{"line":12,"column":22},"end":{"line":77,"column":1}},"1":{"start":{"line":26,"column":14},"end":{"line":26,"column":43}},"2":{"start":{"line":27,"column":2},"end":{"line":76,"column":4}},"3":{"start":{"line":42,"column":26},"end":{"line":42,"column":46}},"4":{"start":{"line":53,"column":43},"end":{"line":53,"column":73}},"5":{"start":{"line":54,"column":48},"end":{"line":54,"column":78}},"6":{"start":{"line":55,"column":10},"end":{"line":72,"column":12}},"7":{"start":{"line":79,"column":0},"end":{"line":92,"column":2}},"8":{"start":{"line":94,"column":0},"end":{"line":94,"column":44}}},"fnMap":{"0":{"name":"(anonymous_0)","decl":{"start":{"line":12,"column":22},"end":{"line":12,"column":23}},"loc":{"start":{"line":25,"column":6},"end":{"line":77,"column":1}},"line":25},"1":{"name":"(anonymous_1)","decl":{"start":{"line":40,"column":18},"end":{"line":40,"column":19}},"loc":{"start":{"line":40,"column":54},"end":{"line":45,"column":9}},"line":40},"2":{"name":"(anonymous_2)","decl":{"start":{"line":52,"column":9},"end":{"line":52,"column":10}},"loc":{"start":{"line":52,"column":61},"end":{"line":73,"column":9}},"line":52}},"branchMap":{"0":{"loc":{"start":{"line":15,"column":2},"end":{"line":15,"column":26}},"type":"default-arg","locations":[{"start":{"line":15,"column":21},"end":{"line":15,"column":26}}],"line":15},"1":{"loc":{"start":{"line":16,"column":2},"end":{"line":16,"column":24}},"type":"default-arg","locations":[{"start":{"line":16,"column":19},"end":{"line":16,"column":24}}],"line":16},"2":{"loc":{"start":{"line":17,"column":2},"end":{"line":17,"column":25}},"type":"default-arg","locations":[{"start":{"line":17,"column":20},"end":{"line":17,"column":25}}],"line":17},"3":{"loc":{"start":{"line":18,"column":2},"end":{"line":18,"column":26}},"type":"default-arg","locations":[{"start":{"line":18,"column":21},"end":{"line":18,"column":26}}],"line":18},"4":{"loc":{"start":{"line":22,"column":2},"end":{"line":22,"column":21}},"type":"default-arg","locations":[{"start":{"line":22,"column":16},"end":{"line":22,"column":21}}],"line":22},"5":{"loc":{"start":{"line":47,"column":26},"end":{"line":47,"column":63}},"type":"binary-expr","locations":[{"start":{"line":47,"column":26},"end":{"line":47,"column":43}},{"start":{"line":47,"column":47},"end":{"line":47,"column":63}}],"line":47},"6":{"loc":{"start":{"line":48,"column":24},"end":{"line":48,"column":59}},"type":"binary-expr","locations":[{"start":{"line":48,"column":24},"end":{"line":48,"column":41}},{"start":{"line":48,"column":45},"end":{"line":48,"column":59}}],"line":48},"7":{"loc":{"start":{"line":49,"column":25},"end":{"line":49,"column":61}},"type":"binary-expr","locations":[{"start":{"line":49,"column":25},"end":{"line":49,"column":42}},{"start":{"line":49,"column":46},"end":{"line":49,"column":61}}],"line":49},"8":{"loc":{"start":{"line":53,"column":43},"end":{"line":53,"column":73}},"type":"binary-expr","locations":[{"start":{"line":53,"column":43},"end":{"line":53,"column":58}},{"start":{"line":53,"column":62},"end":{"line":53,"column":73}}],"line":53},"9":{"loc":{"start":{"line":57,"column":15},"end":{"line":63,"column":15}},"type":"binary-expr","locations":[{"start":{"line":57,"column":15},"end":{"line":57,"column":39}},{"start":{"line":58,"column":16},"end":{"line":62,"column":18}}],"line":57}},"s":{"0":1,"1":46,"2":46,"3":11,"4":626,"5":626,"6":626,"7":1,"8":1},"f":{"0":46,"1":11,"2":626},"b":{"0":[46],"1":[18],"2":[46],"3":[29],"4":[41],"5":[46,29],"6":[46,29],"7":[46,29],"8":[626,130],"9":[626,16]},"_coverageSchema":"1a1c01bbd47fc00a2c39e90264f33305004495a9","hash":"3b859a4832450c4be5d73e3980a5b5a0d316c38f"}
,"/Users/jonathanmeaney/Development/react/validated-form/src/components/validated-form/validated-inputs.jsx": {"path":"/Users/jonathanmeaney/Development/react/validated-form/src/components/validated-form/validated-inputs.jsx","statementMap":{"0":{"start":{"line":25,"column":23},"end":{"line":42,"column":1}},"1":{"start":{"line":31,"column":16},"end":{"line":31,"column":31}},"2":{"start":{"line":32,"column":16},"end":{"line":32,"column":19}},"3":{"start":{"line":34,"column":2},"end":{"line":39,"column":3}},"4":{"start":{"line":35,"column":4},"end":{"line":37,"column":5}},"5":{"start":{"line":36,"column":6},"end":{"line":36,"column":23}},"6":{"start":{"line":38,"column":4},"end":{"line":38,"column":28}},"7":{"start":{"line":41,"column":2},"end":{"line":41,"column":17}},"8":{"start":{"line":44,"column":26},"end":{"line":73,"column":1}},"9":{"start":{"line":50,"column":16},"end":{"line":50,"column":31}},"10":{"start":{"line":51,"column":17},"end":{"line":51,"column":31}},"11":{"start":{"line":52,"column":16},"end":{"line":52,"column":22}},"12":{"start":{"line":55,"column":2},"end":{"line":64,"column":3}},"13":{"start":{"line":55,"column":15},"end":{"line":55,"column":16}},"14":{"start":{"line":56,"column":15},"end":{"line":56,"column":23}},"15":{"start":{"line":62,"column":4},"end":{"line":62,"column":41}},"16":{"start":{"line":63,"column":4},"end":{"line":63,"column":28}},"17":{"start":{"line":67,"column":19},"end":{"line":67,"column":42}},"18":{"start":{"line":68,"column":2},"end":{"line":70,"column":3}},"19":{"start":{"line":69,"column":4},"end":{"line":69,"column":29}},"20":{"start":{"line":72,"column":2},"end":{"line":72,"column":16}},"21":{"start":{"line":76,"column":15},"end":{"line":94,"column":1}},"22":{"start":{"line":82,"column":16},"end":{"line":82,"column":31}},"23":{"start":{"line":83,"column":16},"end":{"line":83,"column":19}},"24":{"start":{"line":85,"column":2},"end":{"line":91,"column":3}},"25":{"start":{"line":90,"column":4},"end":{"line":90,"column":28}},"26":{"start":{"line":93,"column":2},"end":{"line":93,"column":14}},"27":{"start":{"line":96,"column":17},"end":{"line":101,"column":13}},"28":{"start":{"line":97,"column":2},"end":{"line":101,"column":13}},"29":{"start":{"line":103,"column":25},"end":{"line":136,"column":1}},"30":{"start":{"line":109,"column":60},"end":{"line":109,"column":78}},"31":{"start":{"line":111,"column":22},"end":{"line":130,"column":3}},"32":{"start":{"line":112,"column":32},"end":{"line":128,"column":5}},"33":{"start":{"line":113,"column":6},"end":{"line":113,"column":44}},"34":{"start":{"line":115,"column":6},"end":{"line":117,"column":7}},"35":{"start":{"line":116,"column":8},"end":{"line":116,"column":41}},"36":{"start":{"line":119,"column":6},"end":{"line":121,"column":7}},"37":{"start":{"line":120,"column":8},"end":{"line":120,"column":33}},"38":{"start":{"line":123,"column":6},"end":{"line":127,"column":9}},"39":{"start":{"line":132,"column":2},"end":{"line":135,"column":4}},"40":{"start":{"line":138,"column":28},"end":{"line":236,"column":1}},"41":{"start":{"line":139,"column":27},"end":{"line":149,"column":3}},"42":{"start":{"line":140,"column":4},"end":{"line":146,"column":5}},"43":{"start":{"line":141,"column":6},"end":{"line":145,"column":8}},"44":{"start":{"line":148,"column":4},"end":{"line":148,"column":51}},"45":{"start":{"line":151,"column":29},"end":{"line":228,"column":3}},"46":{"start":{"line":152,"column":23},"end":{"line":152,"column":40}},"47":{"start":{"line":153,"column":21},"end":{"line":153,"column":33}},"48":{"start":{"line":161,"column":8},"end":{"line":161,"column":26}},"49":{"start":{"line":164,"column":29},"end":{"line":164,"column":57}},"50":{"start":{"line":172,"column":8},"end":{"line":172,"column":26}},"51":{"start":{"line":173,"column":22},"end":{"line":173,"column":37}},"52":{"start":{"line":174,"column":25},"end":{"line":174,"column":59}},"53":{"start":{"line":175,"column":23},"end":{"line":175,"column":56}},"54":{"start":{"line":176,"column":23},"end":{"line":176,"column":62}},"55":{"start":{"line":177,"column":18},"end":{"line":177,"column":73}},"56":{"start":{"line":181,"column":4},"end":{"line":193,"column":19}},"57":{"start":{"line":182,"column":6},"end":{"line":185,"column":7}},"58":{"start":{"line":183,"column":8},"end":{"line":183,"column":46}},"59":{"start":{"line":184,"column":8},"end":{"line":184,"column":77}},"60":{"start":{"line":184,"column":40},"end":{"line":184,"column":77}},"61":{"start":{"line":188,"column":6},"end":{"line":192,"column":8}},"62":{"start":{"line":189,"column":8},"end":{"line":189,"column":38}},"63":{"start":{"line":190,"column":8},"end":{"line":190,"column":64}},"64":{"start":{"line":190,"column":28},"end":{"line":190,"column":62}},"65":{"start":{"line":191,"column":8},"end":{"line":191,"column":42}},"66":{"start":{"line":197,"column":6},"end":{"line":197,"column":79}},"67":{"start":{"line":199,"column":6},"end":{"line":200,"column":61}},"68":{"start":{"line":203,"column":33},"end":{"line":208,"column":5}},"69":{"start":{"line":211,"column":26},"end":{"line":213,"column":10}},"70":{"start":{"line":215,"column":4},"end":{"line":227,"column":6}},"71":{"start":{"line":230,"column":2},"end":{"line":233,"column":4}},"72":{"start":{"line":235,"column":2},"end":{"line":235,"column":43}},"73":{"start":{"line":238,"column":32},"end":{"line":238,"column":60}},"74":{"start":{"line":239,"column":33},"end":{"line":239,"column":62}},"75":{"start":{"line":240,"column":33},"end":{"line":240,"column":62}},"76":{"start":{"line":243,"column":31},"end":{"line":243,"column":58}},"77":{"start":{"line":244,"column":32},"end":{"line":244,"column":60}},"78":{"start":{"line":245,"column":31},"end":{"line":245,"column":58}},"79":{"start":{"line":246,"column":31},"end":{"line":246,"column":58}},"80":{"start":{"line":248,"column":34},"end":{"line":248,"column":64}},"81":{"start":{"line":249,"column":36},"end":{"line":249,"column":68}},"82":{"start":{"line":251,"column":41},"end":{"line":251,"column":78}}},"fnMap":{"0":{"name":"(anonymous_0)","decl":{"start":{"line":25,"column":23},"end":{"line":25,"column":24}},"loc":{"start":{"line":25,"column":38},"end":{"line":42,"column":1}},"line":25},"1":{"name":"(anonymous_1)","decl":{"start":{"line":44,"column":26},"end":{"line":44,"column":27}},"loc":{"start":{"line":44,"column":41},"end":{"line":73,"column":1}},"line":44},"2":{"name":"(anonymous_2)","decl":{"start":{"line":76,"column":15},"end":{"line":76,"column":16}},"loc":{"start":{"line":76,"column":30},"end":{"line":94,"column":1}},"line":76},"3":{"name":"(anonymous_3)","decl":{"start":{"line":96,"column":17},"end":{"line":96,"column":18}},"loc":{"start":{"line":97,"column":2},"end":{"line":101,"column":13}},"line":97},"4":{"name":"(anonymous_4)","decl":{"start":{"line":103,"column":25},"end":{"line":103,"column":26}},"loc":{"start":{"line":108,"column":5},"end":{"line":136,"column":1}},"line":108},"5":{"name":"(anonymous_5)","decl":{"start":{"line":112,"column":4},"end":{"line":112,"column":5}},"loc":{"start":{"line":112,"column":32},"end":{"line":128,"column":5}},"line":112},"6":{"name":"(anonymous_6)","decl":{"start":{"line":112,"column":32},"end":{"line":112,"column":33}},"loc":{"start":{"line":112,"column":39},"end":{"line":128,"column":5}},"line":112},"7":{"name":"(anonymous_7)","decl":{"start":{"line":138,"column":28},"end":{"line":138,"column":29}},"loc":{"start":{"line":138,"column":43},"end":{"line":236,"column":1}},"line":138},"8":{"name":"(anonymous_8)","decl":{"start":{"line":139,"column":27},"end":{"line":139,"column":28}},"loc":{"start":{"line":139,"column":55},"end":{"line":149,"column":3}},"line":139},"9":{"name":"(anonymous_9)","decl":{"start":{"line":151,"column":29},"end":{"line":151,"column":30}},"loc":{"start":{"line":151,"column":62},"end":{"line":228,"column":3}},"line":151},"10":{"name":"(anonymous_10)","decl":{"start":{"line":181,"column":14},"end":{"line":181,"column":15}},"loc":{"start":{"line":181,"column":20},"end":{"line":193,"column":5}},"line":181},"11":{"name":"(anonymous_11)","decl":{"start":{"line":188,"column":13},"end":{"line":188,"column":14}},"loc":{"start":{"line":188,"column":19},"end":{"line":192,"column":7}},"line":188},"12":{"name":"(anonymous_12)","decl":{"start":{"line":190,"column":18},"end":{"line":190,"column":19}},"loc":{"start":{"line":190,"column":28},"end":{"line":190,"column":62}},"line":190}},"branchMap":{"0":{"loc":{"start":{"line":35,"column":4},"end":{"line":37,"column":5}},"type":"if","locations":[{"start":{"line":35,"column":4},"end":{"line":37,"column":5}},{"start":{},"end":{}}],"line":35},"1":{"loc":{"start":{"line":68,"column":2},"end":{"line":70,"column":3}},"type":"if","locations":[{"start":{"line":68,"column":2},"end":{"line":70,"column":3}},{"start":{},"end":{}}],"line":68},"2":{"loc":{"start":{"line":97,"column":2},"end":{"line":101,"column":13}},"type":"cond-expr","locations":[{"start":{"line":98,"column":6},"end":{"line":98,"column":13}},{"start":{"line":99,"column":6},"end":{"line":101,"column":13}}],"line":97},"3":{"loc":{"start":{"line":99,"column":6},"end":{"line":101,"column":13}},"type":"cond-expr","locations":[{"start":{"line":100,"column":8},"end":{"line":100,"column":28}},{"start":{"line":101,"column":8},"end":{"line":101,"column":13}}],"line":99},"4":{"loc":{"start":{"line":115,"column":6},"end":{"line":117,"column":7}},"type":"if","locations":[{"start":{"line":115,"column":6},"end":{"line":117,"column":7}},{"start":{},"end":{}}],"line":115},"5":{"loc":{"start":{"line":119,"column":6},"end":{"line":121,"column":7}},"type":"if","locations":[{"start":{"line":119,"column":6},"end":{"line":121,"column":7}},{"start":{},"end":{}}],"line":119},"6":{"loc":{"start":{"line":140,"column":4},"end":{"line":146,"column":5}},"type":"if","locations":[{"start":{"line":140,"column":4},"end":{"line":146,"column":5}},{"start":{},"end":{}}],"line":140},"7":{"loc":{"start":{"line":176,"column":23},"end":{"line":176,"column":62}},"type":"binary-expr","locations":[{"start":{"line":176,"column":23},"end":{"line":176,"column":56}},{"start":{"line":176,"column":60},"end":{"line":176,"column":62}}],"line":176},"8":{"loc":{"start":{"line":177,"column":18},"end":{"line":177,"column":73}},"type":"cond-expr","locations":[{"start":{"line":177,"column":47},"end":{"line":177,"column":68}},{"start":{"line":177,"column":71},"end":{"line":177,"column":73}}],"line":177},"9":{"loc":{"start":{"line":177,"column":18},"end":{"line":177,"column":44}},"type":"binary-expr","locations":[{"start":{"line":177,"column":18},"end":{"line":177,"column":30}},{"start":{"line":177,"column":34},"end":{"line":177,"column":44}}],"line":177},"10":{"loc":{"start":{"line":182,"column":6},"end":{"line":185,"column":7}},"type":"if","locations":[{"start":{"line":182,"column":6},"end":{"line":185,"column":7}},{"start":{},"end":{}}],"line":182},"11":{"loc":{"start":{"line":184,"column":8},"end":{"line":184,"column":77}},"type":"if","locations":[{"start":{"line":184,"column":8},"end":{"line":184,"column":77}},{"start":{},"end":{}}],"line":184},"12":{"loc":{"start":{"line":197,"column":6},"end":{"line":197,"column":79}},"type":"binary-expr","locations":[{"start":{"line":197,"column":6},"end":{"line":197,"column":20}},{"start":{"line":197,"column":25},"end":{"line":197,"column":42}},{"start":{"line":197,"column":47},"end":{"line":197,"column":63}},{"start":{"line":197,"column":67},"end":{"line":197,"column":77}}],"line":197},"13":{"loc":{"start":{"line":199,"column":6},"end":{"line":200,"column":61}},"type":"binary-expr","locations":[{"start":{"line":199,"column":6},"end":{"line":199,"column":22}},{"start":{"line":200,"column":7},"end":{"line":200,"column":24}},{"start":{"line":200,"column":29},"end":{"line":200,"column":45}},{"start":{"line":200,"column":49},"end":{"line":200,"column":59}}],"line":199},"14":{"loc":{"start":{"line":211,"column":26},"end":{"line":213,"column":10}},"type":"cond-expr","locations":[{"start":{"line":212,"column":8},"end":{"line":212,"column":72}},{"start":{"line":213,"column":8},"end":{"line":213,"column":10}}],"line":211}},"s":{"0":1,"1":4200,"2":4200,"3":4200,"4":4305,"5":1789,"6":2516,"7":2411,"8":1,"9":85,"10":85,"11":85,"12":85,"13":85,"14":3,"15":3,"16":3,"17":85,"18":85,"19":85,"20":85,"21":1,"22":85,"23":85,"24":85,"25":83,"26":80,"27":1,"28":407,"29":1,"30":1400,"31":1400,"32":2800,"33":407,"34":407,"35":48,"36":407,"37":30,"38":407,"39":1400,"40":1,"41":10,"42":1400,"43":6,"44":1394,"45":10,"46":1400,"47":1400,"48":1400,"49":1400,"50":1400,"51":1400,"52":1400,"53":1400,"54":1400,"55":1400,"56":1400,"57":85,"58":85,"59":85,"60":5,"61":85,"62":85,"63":85,"64":85,"65":85,"66":1400,"67":1400,"68":1400,"69":1400,"70":1400,"71":10,"72":10,"73":1,"74":1,"75":1,"76":1,"77":1,"78":1,"79":1,"80":1,"81":1,"82":1},"f":{"0":4200,"1":85,"2":85,"3":407,"4":1400,"5":2800,"6":407,"7":10,"8":1400,"9":1400,"10":85,"11":85,"12":85},"b":{"0":[1789,2516],"1":[85,0],"2":[0,407],"3":[0,407],"4":[48,359],"5":[30,377],"6":[6,1394],"7":[1400,579],"8":[123,1277],"9":[1400,674],"10":[85,0],"11":[5,80],"12":[1400,938,0,0],"13":[1400,0,0,0],"14":[0,1400]},"_coverageSchema":"1a1c01bbd47fc00a2c39e90264f33305004495a9","hash":"fe4a993b4f273c6c88abf43d1e4f363a25309d4f"}
,"/Users/jonathanmeaney/Development/react/validated-form/src/components/validated-form/validation-summary.jsx": {"path":"/Users/jonathanmeaney/Development/react/validated-form/src/components/validated-form/validation-summary.jsx","statementMap":{"0":{"start":{"line":15,"column":18},"end":{"line":15,"column":53}},"1":{"start":{"line":17,"column":16},"end":{"line":23,"column":1}},"2":{"start":{"line":25,"column":26},"end":{"line":56,"column":1}},"3":{"start":{"line":26,"column":24},"end":{"line":26,"column":42}},"4":{"start":{"line":28,"column":15},"end":{"line":46,"column":4}},"5":{"start":{"line":29,"column":18},"end":{"line":37,"column":5}},"6":{"start":{"line":30,"column":18},"end":{"line":30,"column":41}},"7":{"start":{"line":39,"column":4},"end":{"line":45,"column":6}},"8":{"start":{"line":48,"column":2},"end":{"line":55,"column":4}},"9":{"start":{"line":58,"column":26},"end":{"line":81,"column":1}},"10":{"start":{"line":59,"column":2},"end":{"line":61,"column":3}},"11":{"start":{"line":60,"column":4},"end":{"line":60,"column":17}},"12":{"start":{"line":63,"column":4},"end":{"line":63,"column":71}},"13":{"start":{"line":65,"column":4},"end":{"line":77,"column":14}},"14":{"start":{"line":80,"column":2},"end":{"line":80,"column":63}},"15":{"start":{"line":83,"column":0},"end":{"line":87,"column":2}},"16":{"start":{"line":89,"column":0},"end":{"line":89,"column":52}}},"fnMap":{"0":{"name":"(anonymous_0)","decl":{"start":{"line":25,"column":26},"end":{"line":25,"column":27}},"loc":{"start":{"line":25,"column":49},"end":{"line":56,"column":1}},"line":25},"1":{"name":"(anonymous_1)","decl":{"start":{"line":28,"column":49},"end":{"line":28,"column":50}},"loc":{"start":{"line":28,"column":67},"end":{"line":46,"column":3}},"line":28},"2":{"name":"(anonymous_2)","decl":{"start":{"line":29,"column":18},"end":{"line":29,"column":19}},"loc":{"start":{"line":29,"column":24},"end":{"line":37,"column":5}},"line":29},"3":{"name":"(anonymous_3)","decl":{"start":{"line":58,"column":26},"end":{"line":58,"column":27}},"loc":{"start":{"line":58,"column":75},"end":{"line":81,"column":1}},"line":58}},"branchMap":{"0":{"loc":{"start":{"line":59,"column":2},"end":{"line":61,"column":3}},"type":"if","locations":[{"start":{"line":59,"column":2},"end":{"line":61,"column":3}},{"start":{},"end":{}}],"line":59},"1":{"loc":{"start":{"line":63,"column":4},"end":{"line":63,"column":71}},"type":"binary-expr","locations":[{"start":{"line":63,"column":4},"end":{"line":63,"column":16}},{"start":{"line":63,"column":20},"end":{"line":63,"column":71}}],"line":63}},"s":{"0":1,"1":1,"2":1,"3":8,"4":8,"5":14,"6":2,"7":14,"8":8,"9":1,"10":16,"11":8,"12":8,"13":8,"14":8,"15":1,"16":1},"f":{"0":8,"1":14,"2":2,"3":16},"b":{"0":[8,8],"1":[8,8]},"_coverageSchema":"1a1c01bbd47fc00a2c39e90264f33305004495a9","hash":"fb074153f561fb8dc7ee948717c0d83486ca1640"}
}
