TN:
SF:src/components/validated-form/i18n.js
FNF:0
FNH:0
DA:7,1
LF:1
LH:1
BRF:0
BRH:0
end_of_record
TN:
SF:src/components/validated-form/index.jsx
FNF:0
FNH:0
LF:0
LH:0
BRF:0
BRH:0
end_of_record
TN:
SF:src/components/validated-form/useFieldValidation.js
FN:3,(anonymous_0)
FN:5,(anonymous_1)
FNF:2
FNH:2
FNDA:2875,(anonymous_0)
FNDA:1225,(anonymous_1)
DA:3,1
DA:4,2875
DA:6,1225
DA:8,855
DA:9,709
DA:10,709
DA:12,247
DA:15,146
DA:16,146
DA:25,462
DA:29,2875
LF:11
LH:11
BRDA:6,0,0,370
BRDA:6,0,1,855
BRDA:8,1,0,709
BRDA:8,1,1,146
BRF:4
BRH:4
end_of_record
TN:
SF:src/components/validated-form/utils.js
FN:3,(anonymous_0)
FN:27,(anonymous_1)
FN:30,(anonymous_2)
FN:48,(anonymous_3)
FN:67,(anonymous_4)
FN:99,(anonymous_5)
FN:119,(anonymous_6)
FNF:7
FNH:7
FNDA:1309,(anonymous_0)
FNDA:2618,(anonymous_1)
FNDA:2680,(anonymous_2)
FNDA:8625,(anonymous_3)
FNDA:85,(anonymous_4)
FNDA:85,(anonymous_5)
FNDA:407,(anonymous_6)
DA:3,1
DA:4,1309
DA:5,1309
DA:6,1309
DA:7,1309
DA:9,1309
DA:21,1309
DA:27,1
DA:28,2618
DA:30,2618
DA:31,2680
DA:33,1946
DA:35,1946
DA:36,62
DA:38,1884
DA:43,2618
DA:44,2618
DA:48,1
DA:54,8625
DA:55,8625
DA:57,8625
DA:58,8825
DA:59,3887
DA:61,4938
DA:64,4738
DA:67,1
DA:73,85
DA:74,85
DA:75,85
DA:78,85
DA:79,3
DA:85,3
DA:86,3
DA:90,85
DA:91,85
DA:92,85
DA:95,85
DA:99,1
DA:105,85
DA:106,85
DA:108,85
DA:113,83
DA:116,80
DA:119,1
DA:120,407
LF:45
LH:45
BRDA:30,0,0,2618
BRDA:33,1,0,62
BRDA:33,1,1,1884
BRDA:35,2,0,62
BRDA:35,2,1,1884
BRDA:58,3,0,3887
BRDA:58,3,1,4938
BRDA:91,4,0,85
BRDA:91,4,1,0
BRDA:120,5,0,0
BRDA:120,5,1,407
BRDA:122,6,0,0
BRDA:122,6,1,407
BRF:13
BRH:10
end_of_record
TN:
SF:src/components/validated-form/validated-form-context.jsx
FN:25,(anonymous_0)
FN:60,(anonymous_1)
FN:61,(anonymous_2)
FN:65,(anonymous_3)
FN:67,(anonymous_4)
FN:87,(anonymous_5)
FN:95,(anonymous_6)
FN:104,(anonymous_7)
FNF:8
FNH:6
FNDA:125,(anonymous_0)
FNDA:0,(anonymous_1)
FNDA:0,(anonymous_2)
FNDA:5758,(anonymous_3)
FNDA:92,(anonymous_4)
FNDA:85,(anonymous_5)
FNDA:85,(anonymous_6)
FNDA:87,(anonymous_7)
DA:10,1
DA:20,1
DA:25,1
DA:26,125
DA:28,85
DA:29,85
DA:34,85
DA:40,40
DA:41,40
DA:45,40
DA:47,40
DA:58,1
DA:65,5758
DA:67,1
DA:76,92
DA:87,92
DA:88,85
DA:95,92
DA:96,85
DA:104,92
DA:105,87
DA:112,92
DA:119,1
DA:133,1
DA:143,1
DA:145,1
LF:26
LH:26
BRDA:26,0,0,85
BRDA:26,0,1,40
BRF:2
BRH:2
end_of_record
TN:
SF:src/components/validated-form/validated-form.jsx
FN:12,(anonymous_0)
FN:44,(anonymous_1)
FN:56,(anonymous_2)
FNF:3
FNH:3
FNDA:46,(anonymous_0)
FNDA:11,(anonymous_1)
FNDA:1309,(anonymous_2)
DA:12,1
DA:27,46
DA:28,46
DA:29,46
DA:31,46
DA:46,11
DA:59,1309
DA:62,1309
DA:63,1309
DA:87,1
DA:102,1
LF:11
LH:11
BRDA:13,0,0,46
BRDA:16,1,0,46
BRDA:17,2,0,18
BRDA:18,3,0,46
BRDA:19,4,0,29
BRDA:23,5,0,41
BRDA:27,6,0,17
BRDA:27,6,1,29
BRDA:28,7,0,17
BRDA:28,7,1,29
BRDA:29,8,0,17
BRDA:29,8,1,29
BRDA:59,9,0,1309
BRDA:59,9,1,158
BRDA:65,10,0,1309
BRDA:65,10,1,16
BRF:16
BRH:16
end_of_record
TN:
SF:src/components/validated-form/validated-inputs.jsx
FN:26,(anonymous_0)
FN:46,(anonymous_1)
FN:46,(anonymous_2)
FN:82,(anonymous_3)
FN:85,(anonymous_4)
FN:97,(anonymous_5)
FN:121,(anonymous_6)
FN:128,(anonymous_7)
FN:130,(anonymous_8)
FNF:9
FNH:9
FNDA:2875,(anonymous_0)
FNDA:5750,(anonymous_1)
FNDA:407,(anonymous_2)
FNDA:10,(anonymous_3)
FNDA:2875,(anonymous_4)
FNDA:2875,(anonymous_5)
FNDA:85,(anonymous_6)
FNDA:85,(anonymous_7)
FNDA:85,(anonymous_8)
DA:26,1
DA:33,2875
DA:35,2875
DA:39,2875
DA:42,2875
DA:45,2875
DA:46,5750
DA:47,407
DA:49,407
DA:50,48
DA:53,407
DA:57,261
DA:58,72
DA:60,189
DA:66,407
DA:76,2875
DA:82,1
DA:85,10
DA:86,2875
DA:87,6
DA:94,2869
DA:97,10
DA:98,2875
DA:99,2875
DA:101,2875
DA:104,2875
DA:112,2875
DA:113,2875
DA:114,2875
DA:115,2875
DA:116,2875
DA:117,2875
DA:121,2875
DA:122,85
DA:123,85
DA:124,85
DA:128,85
DA:129,85
DA:130,85
DA:131,85
DA:136,2875
DA:143,2875
DA:147,2875
DA:162,10
DA:168,10
DA:171,1
DA:172,1
DA:173,1
DA:176,1
DA:177,1
DA:178,1
DA:179,1
DA:181,1
DA:182,1
DA:184,1
LF:55
LH:55
BRDA:39,0,0,2875
BRDA:39,0,1,2875
BRDA:39,0,2,494
BRDA:39,0,3,494
BRDA:42,1,0,2875
BRDA:42,1,1,2875
BRDA:42,1,2,494
BRDA:42,1,3,494
BRDA:49,2,0,48
BRDA:49,2,1,359
BRDA:53,3,0,261
BRDA:53,3,1,146
BRDA:57,4,0,72
BRDA:57,4,1,189
BRDA:57,5,0,261
BRDA:57,5,1,225
BRDA:86,6,0,6
BRDA:86,6,1,2869
BRDA:116,7,0,2875
BRDA:116,7,1,987
BRDA:117,8,0,200
BRDA:117,8,1,2675
BRDA:117,9,0,2875
BRDA:117,9,1,1231
BRDA:122,10,0,85
BRDA:122,10,1,0
BRDA:124,11,0,5
BRDA:124,11,1,80
BRDA:143,12,0,0
BRDA:143,12,1,2875
BRF:30
BRH:28
end_of_record
TN:
SF:src/components/validated-form/validation-summary.jsx
FN:25,(anonymous_0)
FN:28,(anonymous_1)
FN:29,(anonymous_2)
FN:58,(anonymous_3)
FNF:4
FNH:4
FNDA:8,(anonymous_0)
FNDA:14,(anonymous_1)
FNDA:2,(anonymous_2)
FNDA:16,(anonymous_3)
DA:15,1
DA:17,1
DA:25,1
DA:26,8
DA:28,8
DA:29,14
DA:30,2
DA:39,14
DA:48,8
DA:58,1
DA:59,16
DA:60,8
DA:63,8
DA:65,8
DA:80,8
DA:83,1
DA:89,1
LF:17
LH:17
BRDA:59,0,0,8
BRDA:59,0,1,8
BRDA:63,1,0,8
BRDA:63,1,1,8
BRF:4
BRH:4
end_of_record
