TN:
SF:src/components/validated-form/i18n.js
FNF:0
FNH:0
DA:4,1
DA:6,1
LF:2
LH:2
BRDA:4,0,0,1
BRDA:4,0,1,0
BRF:2
BRH:1
end_of_record
TN:
SF:src/components/validated-form/index.jsx
FNF:0
FNH:0
LF:0
LH:0
BRF:0
BRH:0
end_of_record
TN:
SF:src/components/validated-form/useFieldValidation.js
FN:3,(anonymous_0)
FN:5,(anonymous_1)
FNF:2
FNH:2
FNDA:1244,(anonymous_0)
FNDA:206,(anonymous_1)
DA:3,1
DA:4,1244
DA:6,206
DA:8,140
DA:9,107
DA:10,107
DA:12,55
DA:15,33
DA:16,33
DA:25,52
DA:29,1244
LF:11
LH:11
BRDA:6,0,0,66
BRDA:6,0,1,140
BRDA:8,1,0,107
BRDA:8,1,1,33
BRF:4
BRH:4
end_of_record
TN:
SF:src/components/validated-form/utils.js
FN:1,(anonymous_0)
FN:25,(anonymous_1)
FN:28,(anonymous_2)
FNF:3
FNH:3
FNDA:589,(anonymous_0)
FNDA:1178,(anonymous_1)
FNDA:1308,(anonymous_2)
DA:1,1
DA:2,589
DA:3,589
DA:4,589
DA:5,589
DA:7,589
DA:19,589
DA:25,1
DA:26,1178
DA:28,1178
DA:29,1308
DA:31,1021
DA:33,1021
DA:34,130
DA:36,891
DA:41,1178
DA:42,1178
LF:17
LH:17
BRDA:28,0,0,1178
BRDA:31,1,0,121
BRDA:31,1,1,900
BRDA:33,2,0,130
BRDA:33,2,1,891
BRF:5
BRH:5
end_of_record
TN:
SF:src/components/validated-form/validated-form-context.jsx
FN:23,(anonymous_0)
FN:57,(anonymous_1)
FN:58,(anonymous_2)
FN:62,(anonymous_3)
FN:64,(anonymous_4)
FN:86,(anonymous_5)
FN:93,(anonymous_6)
FN:102,(anonymous_7)
FNF:8
FNH:6
FNDA:109,(anonymous_0)
FNDA:0,(anonymous_1)
FNDA:0,(anonymous_2)
FNDA:1252,(anonymous_3)
FNDA:74,(anonymous_4)
FNDA:73,(anonymous_5)
FNDA:73,(anonymous_6)
FNDA:74,(anonymous_7)
DA:10,1
DA:18,1
DA:23,1
DA:24,109
DA:26,73
DA:27,73
DA:32,73
DA:38,36
DA:39,36
DA:43,36
DA:45,36
DA:51,0
DA:55,1
DA:62,1252
DA:64,1
DA:72,74
DA:81,74
DA:86,74
DA:87,73
DA:93,74
DA:94,73
DA:102,74
DA:103,74
DA:110,74
DA:117,1
DA:129,1
DA:137,1
DA:139,1
LF:28
LH:27
BRDA:24,0,0,73
BRDA:24,0,1,36
BRDA:24,0,2,0
BRF:3
BRH:2
end_of_record
TN:
SF:src/components/validated-form/validated-form.jsx
FN:12,(anonymous_0)
FN:14,(anonymous_1)
FN:17,(anonymous_2)
FN:46,(anonymous_3)
FN:57,(anonymous_4)
FNF:5
FNH:5
FNDA:589,(anonymous_0)
FNDA:25,(anonymous_1)
FNDA:37,(anonymous_2)
FNDA:11,(anonymous_3)
FNDA:589,(anonymous_4)
DA:12,1
DA:13,589
DA:14,25
DA:17,1
DA:32,37
DA:33,37
DA:48,11
DA:49,11
DA:58,589
DA:59,589
DA:60,589
DA:90,1
DA:105,1
LF:13
LH:13
BRDA:14,0,0,25
BRDA:14,0,1,0
BRDA:20,1,0,37
BRDA:21,2,0,18
BRDA:22,3,0,37
BRDA:23,4,0,20
BRDA:27,5,0,32
BRDA:49,6,0,11
BRDA:49,6,1,0
BRDA:52,7,0,37
BRDA:52,7,1,20
BRDA:53,8,0,37
BRDA:53,8,1,20
BRDA:54,9,0,37
BRDA:54,9,1,20
BRDA:58,10,0,589
BRDA:58,10,1,121
BRDA:62,11,0,589
BRDA:62,11,1,16
BRF:19
BRH:17
end_of_record
TN:
SF:src/components/validated-form/validated-inputs.jsx
FN:25,(anonymous_0)
FN:44,(anonymous_1)
FN:76,(anonymous_2)
FN:96,(anonymous_3)
FN:103,(anonymous_4)
FN:112,(anonymous_5)
FN:112,(anonymous_6)
FN:138,(anonymous_7)
FN:139,(anonymous_8)
FN:151,(anonymous_9)
FN:181,(anonymous_10)
FN:188,(anonymous_11)
FN:190,(anonymous_12)
FNF:13
FNH:13
FNDA:3732,(anonymous_0)
FNDA:73,(anonymous_1)
FNDA:73,(anonymous_2)
FNDA:396,(anonymous_3)
FNDA:1244,(anonymous_4)
FNDA:2488,(anonymous_5)
FNDA:396,(anonymous_6)
FNDA:10,(anonymous_7)
FNDA:1244,(anonymous_8)
FNDA:1244,(anonymous_9)
FNDA:73,(anonymous_10)
FNDA:73,(anonymous_11)
FNDA:73,(anonymous_12)
DA:25,1
DA:31,3732
DA:32,3732
DA:34,3732
DA:35,4023
DA:36,1606
DA:38,2417
DA:41,2126
DA:44,1
DA:50,73
DA:51,73
DA:52,73
DA:55,73
DA:56,7
DA:62,7
DA:63,7
DA:67,73
DA:68,73
DA:69,73
DA:72,73
DA:76,1
DA:82,73
DA:83,73
DA:85,73
DA:90,79
DA:93,72
DA:96,1
DA:97,396
DA:103,1
DA:109,1244
DA:111,1244
DA:112,2488
DA:113,396
DA:115,396
DA:116,44
DA:119,396
DA:120,26
DA:123,396
DA:132,1244
DA:138,1
DA:139,10
DA:140,1244
DA:141,6
DA:148,1238
DA:151,10
DA:152,1244
DA:153,1244
DA:161,1244
DA:164,1244
DA:172,1244
DA:173,1244
DA:174,1244
DA:175,1244
DA:176,1244
DA:177,1244
DA:181,1244
DA:182,73
DA:183,73
DA:184,73
DA:188,73
DA:189,73
DA:190,73
DA:191,73
DA:197,1244
DA:199,1244
DA:203,1244
DA:211,1244
DA:215,1244
DA:230,10
DA:235,10
DA:238,1
DA:239,1
DA:240,1
DA:243,1
DA:244,1
DA:245,1
DA:246,1
DA:248,1
DA:249,1
DA:251,1
LF:80
LH:80
BRDA:35,0,0,1606
BRDA:35,0,1,2417
BRDA:68,1,0,73
BRDA:68,1,1,0
BRDA:97,2,0,0
BRDA:97,2,1,396
BRDA:99,3,0,0
BRDA:99,3,1,396
BRDA:115,4,0,44
BRDA:115,4,1,352
BRDA:119,5,0,26
BRDA:119,5,1,370
BRDA:140,6,0,6
BRDA:140,6,1,1238
BRDA:176,7,0,1244
BRDA:176,7,1,451
BRDA:177,8,0,92
BRDA:177,8,1,1152
BRDA:177,9,0,1244
BRDA:177,9,1,610
BRDA:182,10,0,73
BRDA:182,10,1,0
BRDA:184,11,0,1
BRDA:184,11,1,72
BRDA:197,12,0,1244
BRDA:197,12,1,782
BRDA:197,12,2,0
BRDA:197,12,3,0
BRDA:199,13,0,1244
BRDA:199,13,1,0
BRDA:199,13,2,0
BRDA:199,13,3,0
BRDA:211,14,0,0
BRDA:211,14,1,1244
BRF:34
BRH:24
end_of_record
TN:
SF:src/components/validated-form/validation-summary.jsx
FN:25,(anonymous_0)
FN:28,(anonymous_1)
FN:29,(anonymous_2)
FN:58,(anonymous_3)
FNF:4
FNH:4
FNDA:8,(anonymous_0)
FNDA:14,(anonymous_1)
FNDA:2,(anonymous_2)
FNDA:16,(anonymous_3)
DA:15,1
DA:17,1
DA:25,1
DA:26,8
DA:28,8
DA:29,14
DA:30,2
DA:39,14
DA:48,8
DA:58,1
DA:59,16
DA:60,8
DA:63,8
DA:65,8
DA:80,8
DA:83,1
DA:89,1
LF:17
LH:17
BRDA:59,0,0,8
BRDA:59,0,1,8
BRDA:63,1,0,8
BRDA:63,1,1,8
BRF:4
BRH:4
end_of_record
